 
****************************************
Report : clocks
Design : SYS_TOP
Version: K-2015.06
Date   : Sun Oct  5 01:36:39 2025
****************************************

Attributes:
    d - dont_touch_network
    f - fix_hold
    p - propagated_clock
    G - generated_clock
    g - lib_generated_clock

Clock          Period   Waveform            Attrs     Sources
--------------------------------------------------------------------------------
ALU_CLK         20.00   {0 10}              G d       {clk_gate_unit/GATED_CLK}
REF_CLK         20.00   {0 10}              d         {REF_CLK}
SCAN_CLK       100.00   {0 50}                        {scan_clk}
UART_CLK       271.27   {0 135.633}         d         {UART_CLK}
UART_RX_CLK    271.27   {0 135.633}         G d       {RX_CLkDIV/o_div_clk}
UART_TX_CLK   8680.54   {0 4340.27}         G d       {TX_CLkDIV/o_div_clk}
--------------------------------------------------------------------------------

Generated     Master         Generated      Master         Waveform
Clock         Source         Source         Clock          Modification
--------------------------------------------------------------------------------
ALU_CLK       REF_CLK        {clk_gate_unit/GATED_CLK}
                                            REF_CLK        divide_by(1)
UART_RX_CLK   UART_CLK       {RX_CLkDIV/o_div_clk}
                                            UART_CLK       divide_by(1)
UART_TX_CLK   UART_CLK       {TX_CLkDIV/o_div_clk}
                                            UART_CLK       divide_by(32)
--------------------------------------------------------------------------------
1
