Information: Propagating switching activity (low effort zero delay simulation). (PWR-6)
Warning: Design has unannotated primary inputs. (PWR-414)
Warning: Design has unannotated sequential cell outputs. (PWR-415)
 
****************************************
Report : power
        -hier
        -analysis_effort low
Design : SYS_TOP
Version: K-2015.06
Date   : Sun Oct  5 01:36:38 2025
****************************************


Library(s) Used:

    scmetro_tsmc_cl013g_rvt_ss_1p08v_125c (File: /home/IC/tsmc_fb_cl013g_sc/aci/sc-m/synopsys/scmetro_tsmc_cl013g_rvt_ss_1p08v_125c.db)


Operating Conditions: scmetro_tsmc_cl013g_rvt_ss_1p08v_125c   Library: scmetro_tsmc_cl013g_rvt_ss_1p08v_125c
Wire Load Model Mode: top


Global Operating Voltage = 1.08 
Power-specific unit information :
    Voltage Units = 1V
    Capacitance Units = 1.000000pf
    Time Units = 1ns
    Dynamic Power Units = 1mW    (derived from V,C,T units)
    Leakage Power Units = 1pW


--------------------------------------------------------------------------------
                                       Switch   Int      Leak     Total
Hierarchy                              Power    Power    Power    Power    %
--------------------------------------------------------------------------------
SYS_TOP                                2.60e-02    0.124 1.67e+07    0.166 100.0
  uart_unit (UART_TOP_test_1)          2.87e-03 1.53e-02 2.32e+06 2.05e-02  12.3
    u_uart_rx (UART_RX_test_1)         1.99e-03 1.00e-02 1.59e+06 1.36e-02   8.2
      u_StopCheck (StopCheck_test_1)   1.21e-05 3.54e-04 2.27e+04 3.89e-04   0.2
      u_strtCheck (strtCheck_test_1)   1.35e-06 2.31e-04 1.67e+04 2.49e-04   0.1
      u_parityCheck (parityCheck_test_1)
                                       1.60e-05 3.31e-04 1.21e+05 4.69e-04   0.3
      u_deserializer (deserializer_test_1)
                                       2.00e-04 2.64e-03 2.72e+05 3.11e-03   1.9
      u_data_sampling (data_sampling_test_1)
                                       2.36e-04 1.60e-03 4.02e+05 2.24e-03   1.3
      u_edge_bit_counter (edge_bit_counter_test_1)
                                       7.16e-04 3.33e-03 3.70e+05 4.42e-03   2.7
      u_fsm_rx (FSM_RX_test_1)         4.08e-04 1.52e-03 3.76e+05 2.30e-03   1.4
    u_uart_tx (UART_TX_test_1)         8.44e-04 5.28e-03 7.25e+05 6.85e-03   4.1
      U3 (parityCalc_test_1)           5.13e-05 1.66e-03 2.76e+05 1.99e-03   1.2
      U2 (serializer_test_1)           1.90e-04 2.65e-03 3.18e+05 3.16e-03   1.9
      U1 (UMUX)                        1.27e-04 4.18e-05 2.30e+04 1.92e-04   0.1
      U0 (FSMT_test_1)                 1.43e-04 9.02e-04 1.03e+05 1.15e-03   0.7
  RST_SYNC_2 (RST_SYNC_test_0)         1.05e-05 6.27e-04 2.99e+04 6.68e-04   0.4
  RST_SYNC_1 (RST_SYNC_test_1)         1.02e-05 6.50e-04 2.94e+04 6.89e-04   0.4
  data_sync_unit (DATA_SYNC_test_1)    4.38e-05 2.65e-03 2.12e+05 2.91e-03   1.7
  clk_gate_unit (CLK_GATE)             1.84e-03 2.69e-03 4.19e+04 4.57e-03   2.7
  CMUX_unit (CLKDIV_MUX)               2.87e-05 3.21e-05 4.66e+04 1.07e-04   0.1
  TX_CLkDIV (ClkDiv_test_1)            3.68e-04 2.73e-03 5.17e+05 3.61e-03   2.2
    add_18 (ClkDiv_1_DW01_inc_1)       2.43e-05 6.77e-05 8.75e+04 1.80e-04   0.1
  RX_CLkDIV (ClkDiv_test_0)            3.38e-04 2.60e-03 5.36e+05 3.47e-03   2.1
    add_18 (ClkDiv_0_DW01_inc_1)       2.19e-05 1.90e-06 8.16e+04 1.05e-04   0.1
  fifo_unit (ASYC_FIFO_test_1)         5.61e-03 4.09e-02 4.46e+06 5.10e-02  30.6
    U5 (synchronizer_ADDR_WIDTH4_test_1)
                                       5.82e-06 2.10e-03 1.35e+05 2.24e-03   1.3
    U4 (synchronizer_ADDR_WIDTH4_test_0)
                                       2.00e-05 2.45e-03 1.38e+05 2.61e-03   1.6
    U3 (FIFO_MEM_DATA_WIDTH8_ADDR_WIDTH4_test_1)
                                       4.37e-03 3.06e-02 3.45e+06 3.84e-02  23.1
    U2 (FIFO_rptr_n_empty_ADDR_WIDTH4_test_1)
                                       4.31e-04 3.00e-03 3.67e+05 3.80e-03   2.3
    U1 (FIFO_wptr_n_full_ADDR_WIDTH4_test_1)
                                       1.71e-04 2.69e-03 3.56e+05 3.22e-03   1.9
  regfile_u (RegFile_test_1)           3.65e-03 3.41e-02 3.66e+06 4.14e-02  24.9
  alu_unit (ALU_test_1)                2.76e-04 1.69e-02 4.28e+06 2.14e-02  12.9
    mult_49 (ALU_DW02_mult_0)          4.42e-06 3.91e-06 1.65e+06 1.66e-03   1.0
    add_43 (ALU_DW01_add_0)            4.91e-07 5.13e-06 2.05e+05 2.10e-04   0.1
    sub_46 (ALU_DW01_sub_0)            7.75e-07 5.18e-06 2.48e+05 2.54e-04   0.2
    div_52 (ALU_DW_div_uns_0)          7.72e-06 2.95e-05 1.24e+06 1.28e-03   0.8
  system_ctrl (SYS_CTRL_test_1)        6.32e-04 2.64e-03 4.29e+05 3.70e-03   2.2
  M8 (mux2X1_6)                        9.68e-06 4.20e-05 1.24e+04 6.40e-05   0.0
  M7 (mux2X1_7)                        9.68e-06 4.20e-05 1.26e+04 6.43e-05   0.0
  M6 (mux2X1_0)                        5.81e-05 4.53e-05 1.15e+04 1.15e-04   0.1
  M5 (mux2X1_2)                        5.88e-04 1.90e-04 1.15e+04 7.89e-04   0.5
  M4 (mux2X1_3)                        9.14e-04 1.94e-04 1.15e+04 1.12e-03   0.7
  M2 (mux2X1_4)                        3.39e-03 4.57e-04 2.20e+04 3.87e-03   2.3
  M1 (mux2X1_5)                        4.33e-04 1.87e-04 1.15e+04 6.32e-04   0.4
  M0 (mux2X1_1)                        3.39e-03 4.57e-04 2.20e+04 3.87e-03   2.3
1
