 
****************************************
Report : area
Design : SYS_TOP
Version: K-2015.06
Date   : Sat Oct  4 01:00:28 2025
****************************************

Library(s) Used:

    scmetro_tsmc_cl013g_rvt_ss_1p08v_125c (File: /home/IC/tsmc_fb_cl013g_sc/aci/sc-m/synopsys/scmetro_tsmc_cl013g_rvt_ss_1p08v_125c.db)

Number of ports:                          774
Number of nets:                          2805
Number of cells:                         1994
Number of combinational cells:           1529
Number of sequential cells:               428
Number of macros/black boxes:               0
Number of buf/inv:                        259
Number of references:                      15

Combinational area:              14684.039569
Buf/Inv area:                      979.014421
Noncombinational area:           10639.721273
Macro/Black Box area:                0.000000
Net Interconnect area:      undefined  (No wire load specified)

Total cell area:                 25323.760843
Total area:                 undefined

Hierarchical area distribution
------------------------------

                                  Global cell area            Local cell area
                                  -------------------  ------------------------------ 
Hierarchical cell                 Absolute    Percent  Combi-      Noncombi-   Black-
                                  Total       Total    national    national    boxes   Design
--------------------------------  ----------  -------  ----------  ----------  ------  --------------------------------
SYS_TOP                           25323.7608    100.0     28.2408      0.0000  0.0000  SYS_TOP
CMUX_unit                            88.2525      0.3     88.2525      0.0000  0.0000  CLKDIV_MUX
RST_SYNC_1                           51.7748      0.2      0.0000     51.7748  0.0000  RST_SYNC_0
RST_SYNC_2                           51.7748      0.2      0.0000     51.7748  0.0000  RST_SYNC_1
RX_CLkDIV                           746.0278      2.9    457.7363    181.2118  0.0000  ClkDiv_0
RX_CLkDIV/add_18                    107.0797      0.4    107.0797      0.0000  0.0000  ClkDiv_0_DW01_inc_1
TX_CLkDIV                           746.0278      2.9    457.7363    181.2118  0.0000  ClkDiv_1
TX_CLkDIV/add_18                    107.0797      0.4    107.0797      0.0000  0.0000  ClkDiv_1_DW01_inc_1
alu_unit                           5551.6706     21.9   1023.7290    440.0858  0.0000  ALU
alu_unit/add_43                     231.8099      0.9    231.8099      0.0000  0.0000  ALU_DW01_add_0
alu_unit/div_52                    1434.3973      5.7   1434.3973      0.0000  0.0000  ALU_DW_div_uns_0
alu_unit/mult_49                   2155.7144      8.5   1914.4909      0.0000  0.0000  ALU_DW02_mult_0
alu_unit/mult_49/FS_1               241.2235      1.0    241.2235      0.0000  0.0000  ALU_DW01_add_1
alu_unit/sub_46                     265.9342      1.1    265.9342      0.0000  0.0000  ALU_DW01_sub_0
clk_gate_unit                        40.0078      0.2      0.0000     40.0078  0.0000  CLK_GATE
data_sync_unit                      395.3712      1.6     84.7224    310.6488  0.0000  DATA_SYNC
fifo_unit                          7326.1342     28.9     14.1204      0.0000  0.0000  ASYC_FIFO
fifo_unit/U1                        516.5713      2.0    257.6973    258.8740  0.0000  FIFO_wptr_n_full_ADDR_WIDTH4
fifo_unit/U2                        509.5111      2.0    250.6371    258.8740  0.0000  FIFO_rptr_n_empty_ADDR_WIDTH4
fifo_unit/U3                       5768.1834     22.8   2454.5963   3313.5872  0.0000  FIFO_MEM_DATA_WIDTH8_ADDR_WIDTH4
fifo_unit/U4                        258.8740      1.0      0.0000    258.8740  0.0000  synchronizer_ADDR_WIDTH4_0
fifo_unit/U5                        258.8740      1.0      0.0000    258.8740  0.0000  synchronizer_ADDR_WIDTH4_1
regfile_u                          6085.8924     24.0   2539.3187   3546.5738  0.0000  RegFile
system_ctrl                         762.5016      3.0    550.6956    211.8060  0.0000  SYS_CTRL
uart_unit                          3450.0844     13.6      7.0602      0.0000  0.0000  UART_TOP
uart_unit/u_uart_rx                2338.1029      9.2      7.0602      0.0000  0.0000  UART_RX
uart_unit/u_uart_rx/u_StopCheck      37.6544      0.1     11.7670     25.8874  0.0000  StopCheck
uart_unit/u_uart_rx/u_data_sampling
                                    573.0529      2.3    469.5033    103.5496  0.0000  data_sampling
uart_unit/u_uart_rx/u_deserializer
                                    449.4994      1.8    242.4002    207.0992  0.0000  deserializer
uart_unit/u_uart_rx/u_edge_bit_counter
                                    556.5791      2.2    317.7090    238.8701  0.0000  edge_bit_counter
uart_unit/u_uart_rx/u_fsm_rx        545.9888      2.2    467.1499     78.8389  0.0000  FSM_RX
uart_unit/u_uart_rx/u_parityCheck   136.4972      0.5    110.6098     25.8874  0.0000  parityCheck
uart_unit/u_uart_rx/u_strtCheck      31.7709      0.1      5.8835     25.8874  0.0000  strtCheck
uart_unit/u_uart_tx                1104.9213      4.4      7.0602      0.0000  0.0000  UART_TX
uart_unit/u_uart_tx/U0              182.3885      0.7    104.7263     77.6622  0.0000  FSMT
uart_unit/u_uart_tx/U1               21.1806      0.1     21.1806      0.0000  0.0000  UMUX
uart_unit/u_uart_tx/U2              500.0975      2.0    215.3361    284.7614  0.0000  serializer
uart_unit/u_uart_tx/U3              394.1945      1.6    187.0953    207.0992  0.0000  parityCalc
--------------------------------  ----------  -------  ----------  ----------  ------  --------------------------------
Total                                                  14684.0396  10639.7213  0.0000

1
