Loading db file '/home/IC/tsmc_fb_cl013g_sc/aci/sc-m/synopsys/scmetro_tsmc_cl013g_rvt_ss_1p08v_125c.db'
Information: Propagating switching activity (low effort zero delay simulation). (PWR-6)
Warning: Design has unannotated primary inputs. (PWR-414)
Warning: Design has unannotated sequential cell outputs. (PWR-415)
 
****************************************
Report : power
        -hier
        -analysis_effort low
Design : SYS_TOP
Version: K-2015.06
Date   : Sat Oct  4 01:00:30 2025
****************************************


Library(s) Used:

    scmetro_tsmc_cl013g_rvt_ss_1p08v_125c (File: /home/IC/tsmc_fb_cl013g_sc/aci/sc-m/synopsys/scmetro_tsmc_cl013g_rvt_ss_1p08v_125c.db)


Operating Conditions: scmetro_tsmc_cl013g_rvt_ss_1p08v_125c   Library: scmetro_tsmc_cl013g_rvt_ss_1p08v_125c
Wire Load Model Mode: top


Global Operating Voltage = 1.08 
Power-specific unit information :
    Voltage Units = 1V
    Capacitance Units = 1.000000pf
    Time Units = 1ns
    Dynamic Power Units = 1mW    (derived from V,C,T units)
    Leakage Power Units = 1pW


--------------------------------------------------------------------------------
                                       Switch   Int      Leak     Total
Hierarchy                              Power    Power    Power    Power    %
--------------------------------------------------------------------------------
SYS_TOP                                7.30e-03    0.245 1.50e+07    0.267 100.0
  uart_unit (UART_TOP)                 6.48e-04 2.16e-03 2.08e+06 4.90e-03   1.8
    u_uart_rx (UART_RX)                4.79e-04 2.03e-03 1.45e+06 3.96e-03   1.5
      u_StopCheck (StopCheck)             0.000 5.66e-05 1.75e+04 7.40e-05   0.0
      u_strtCheck (strtCheck)             0.000 5.66e-05 1.23e+04 6.88e-05   0.0
      u_parityCheck (parityCheck)         0.000 5.66e-05 1.20e+05 1.76e-04   0.1
      u_deserializer (deserializer)    2.36e-06 4.55e-04 2.29e+05 6.87e-04   0.3
      u_data_sampling (data_sampling)  3.20e-05 2.63e-04 3.82e+05 6.77e-04   0.3
      u_edge_bit_counter (edge_bit_counter)
                                       1.45e-04 7.45e-04 3.20e+05 1.21e-03   0.5
      u_fsm_rx (FSM_RX)                1.21e-04 3.83e-04 3.65e+05 8.69e-04   0.3
    u_uart_tx (UART_TX)                1.55e-04 1.22e-04 6.27e+05 9.05e-04   0.3
      U3 (parityCalc)                     0.000 3.99e-05 2.46e+05 2.86e-04   0.1
      U2 (serializer)                     0.000 5.48e-05 2.65e+05 3.20e-04   0.1
      U1 (UMUX)                           0.000    0.000 2.07e+04 2.07e-05   0.0
      U0 (FSMT)                           0.000 1.50e-05 8.99e+04 1.05e-04   0.0
  RST_SYNC_2 (RST_SYNC_1)              6.44e-06 2.36e-04 2.40e+04 2.67e-04   0.1
  RST_SYNC_1 (RST_SYNC_0)              1.30e-05 2.25e-03 2.53e+04 2.29e-03   0.9
  data_sync_unit (DATA_SYNC)              0.000 8.68e-03 1.72e+05 8.85e-03   3.3
  clk_gate_unit (CLK_GATE)             1.51e-03 4.65e-03 3.71e+04 6.20e-03   2.3
  CMUX_unit (CLKDIV_MUX)                  0.000    0.000 4.49e+04 4.49e-05   0.0
  TX_CLkDIV (ClkDiv_1)                 6.48e-05 5.98e-04 4.75e+05 1.14e-03   0.4
    add_18 (ClkDiv_1_DW01_inc_1)          0.000    0.000 8.74e+04 8.74e-05   0.0
  RX_CLkDIV (ClkDiv_0)                 1.95e-04 4.36e-04 5.05e+05 1.14e-03   0.4
    add_18 (ClkDiv_0_DW01_inc_1)          0.000    0.000 7.92e+04 7.92e-05   0.0
  fifo_unit (ASYC_FIFO)                2.28e-03    0.108 3.86e+06    0.114  42.6
    U5 (synchronizer_ADDR_WIDTH4_1)       0.000 4.99e-05 9.35e+04 1.43e-04   0.1
    U4 (synchronizer_ADDR_WIDTH4_0)       0.000 7.23e-03 1.03e+05 7.34e-03   2.7
    U3 (FIFO_MEM_DATA_WIDTH8_ADDR_WIDTH4)
                                       1.82e-03 9.30e-02 3.00e+06 9.78e-02  36.6
    U2 (FIFO_rptr_n_empty_ADDR_WIDTH4)    0.000 4.99e-05 3.24e+05 3.74e-04   0.1
    U1 (FIFO_wptr_n_full_ADDR_WIDTH4)     0.000 7.23e-03 3.22e+05 7.56e-03   2.8
  regfile_u (RegFile)                  1.93e-03 9.96e-02 3.16e+06    0.105  39.2
  alu_unit (ALU)                          0.000 1.24e-02 4.20e+06 1.66e-02   6.2
    mult_49 (ALU_DW02_mult_0)             0.000    0.000 1.65e+06 1.65e-03   0.6
    add_43 (ALU_DW01_add_0)               0.000    0.000 2.05e+05 2.05e-04   0.1
    sub_46 (ALU_DW01_sub_0)               0.000    0.000 2.48e+05 2.48e-04   0.1
    div_52 (ALU_DW_div_uns_0)             0.000    0.000 1.24e+06 1.24e-03   0.5
  system_ctrl (SYS_CTRL)                  0.000 6.06e-03 3.89e+05 6.45e-03   2.4
1
