 
****************************************
Report : timing
        -path full
        -delay max
        -max_paths 1
Design : SYS_TOP
Version: K-2015.06
Date   : Sat Oct  4 01:00:30 2025
****************************************

Operating Conditions: scmetro_tsmc_cl013g_rvt_ss_1p08v_125c   Library: scmetro_tsmc_cl013g_rvt_ss_1p08v_125c
Wire Load Model Mode: top

  Startpoint: regfile_u/regArr_reg[1][6]
              (rising edge-triggered flip-flop clocked by REF_CLK)
  Endpoint: alu_unit/ALU_OUT_reg[0]
            (rising edge-triggered flip-flop clocked by ALU_CLK)
  Path Group: ALU_CLK
  Path Type: max

  Point                                                   Incr       Path
  --------------------------------------------------------------------------
  clock REF_CLK (rise edge)                               0.00       0.00
  clock network delay (ideal)                             0.00       0.00
  regfile_u/regArr_reg[1][6]/CK (DFFRQX2M)                0.00       0.00 r
  regfile_u/regArr_reg[1][6]/Q (DFFRQX2M)                 0.48       0.48 f
  regfile_u/REG1[6] (RegFile)                             0.00       0.48 f
  alu_unit/B[6] (ALU)                                     0.00       0.48 f
  alu_unit/U90/Y (BUFX2M)                                 0.21       0.70 f
  alu_unit/div_52/b[6] (ALU_DW_div_uns_0)                 0.00       0.70 f
  alu_unit/div_52/U70/Y (NOR2X1M)                         0.16       0.86 r
  alu_unit/div_52/U67/Y (AND3X1M)                         0.20       1.06 r
  alu_unit/div_52/U65/Y (AND2X1M)                         0.16       1.22 r
  alu_unit/div_52/U62/Y (AND4X1M)                         0.25       1.47 r
  alu_unit/div_52/U40/Y (CLKMX2X2M)                       0.24       1.72 f
  alu_unit/div_52/u_div/u_fa_PartRem_0_6_1/CO (ADDFX2M)
                                                          0.44       2.15 f
  alu_unit/div_52/U63/Y (AND3X1M)                         0.32       2.47 f
  alu_unit/div_52/U46/Y (CLKMX2X2M)                       0.24       2.71 r
  alu_unit/div_52/u_div/u_fa_PartRem_0_5_1/CO (ADDFX2M)
                                                          0.49       3.20 r
  alu_unit/div_52/u_div/u_fa_PartRem_0_5_2/CO (ADDFX2M)
                                                          0.24       3.43 r
  alu_unit/div_52/U64/Y (AND2X1M)                         0.24       3.68 r
  alu_unit/div_52/U51/Y (CLKMX2X2M)                       0.27       3.94 f
  alu_unit/div_52/u_div/u_fa_PartRem_0_4_1/CO (ADDFX2M)
                                                          0.46       4.40 f
  alu_unit/div_52/u_div/u_fa_PartRem_0_4_2/CO (ADDFX2M)
                                                          0.33       4.73 f
  alu_unit/div_52/u_div/u_fa_PartRem_0_4_3/CO (ADDFX2M)
                                                          0.31       5.04 f
  alu_unit/div_52/U66/Y (AND2X1M)                         0.28       5.31 f
  alu_unit/div_52/U55/Y (CLKMX2X2M)                       0.24       5.55 f
  alu_unit/div_52/u_div/u_fa_PartRem_0_3_1/CO (ADDFX2M)
                                                          0.46       6.01 f
  alu_unit/div_52/u_div/u_fa_PartRem_0_3_2/CO (ADDFX2M)
                                                          0.33       6.33 f
  alu_unit/div_52/u_div/u_fa_PartRem_0_3_3/CO (ADDFX2M)
                                                          0.33       6.66 f
  alu_unit/div_52/u_div/u_fa_PartRem_0_3_4/CO (ADDFX2M)
                                                          0.31       6.97 f
  alu_unit/div_52/U68/Y (AND3X1M)                         0.39       7.36 f
  alu_unit/div_52/U58/Y (CLKMX2X2M)                       0.25       7.61 f
  alu_unit/div_52/u_div/u_fa_PartRem_0_2_1/CO (ADDFX2M)
                                                          0.46       8.06 f
  alu_unit/div_52/u_div/u_fa_PartRem_0_2_2/CO (ADDFX2M)
                                                          0.33       8.39 f
  alu_unit/div_52/u_div/u_fa_PartRem_0_2_3/CO (ADDFX2M)
                                                          0.33       8.72 f
  alu_unit/div_52/u_div/u_fa_PartRem_0_2_4/CO (ADDFX2M)
                                                          0.33       9.05 f
  alu_unit/div_52/u_div/u_fa_PartRem_0_2_5/CO (ADDFX2M)
                                                          0.31       9.36 f
  alu_unit/div_52/U69/Y (AND2X1M)                         0.32       9.68 f
  alu_unit/div_52/U60/Y (CLKMX2X2M)                       0.25       9.93 f
  alu_unit/div_52/u_div/u_fa_PartRem_0_1_1/CO (ADDFX2M)
                                                          0.46      10.39 f
  alu_unit/div_52/u_div/u_fa_PartRem_0_1_2/CO (ADDFX2M)
                                                          0.33      10.71 f
  alu_unit/div_52/u_div/u_fa_PartRem_0_1_3/CO (ADDFX2M)
                                                          0.33      11.04 f
  alu_unit/div_52/u_div/u_fa_PartRem_0_1_4/CO (ADDFX2M)
                                                          0.33      11.37 f
  alu_unit/div_52/u_div/u_fa_PartRem_0_1_5/CO (ADDFX2M)
                                                          0.33      11.70 f
  alu_unit/div_52/u_div/u_fa_PartRem_0_1_6/CO (ADDFX2M)
                                                          0.31      12.01 f
  alu_unit/div_52/U71/Y (AND2X1M)                         0.34      12.35 f
  alu_unit/div_52/U61/Y (CLKMX2X2M)                       0.24      12.59 f
  alu_unit/div_52/u_div/u_fa_PartRem_0_0_1/CO (ADDFX2M)
                                                          0.45      13.04 f
  alu_unit/div_52/u_div/u_fa_PartRem_0_0_2/CO (ADDFX2M)
                                                          0.33      13.37 f
  alu_unit/div_52/u_div/u_fa_PartRem_0_0_3/CO (ADDFX2M)
                                                          0.33      13.70 f
  alu_unit/div_52/u_div/u_fa_PartRem_0_0_4/CO (ADDFX2M)
                                                          0.33      14.02 f
  alu_unit/div_52/u_div/u_fa_PartRem_0_0_5/CO (ADDFX2M)
                                                          0.33      14.35 f
  alu_unit/div_52/u_div/u_fa_PartRem_0_0_6/CO (ADDFX2M)
                                                          0.33      14.68 f
  alu_unit/div_52/u_div/u_fa_PartRem_0_0_7/CO (ADDFX2M)
                                                          0.32      15.00 f
  alu_unit/div_52/quotient[0] (ALU_DW_div_uns_0)          0.00      15.00 f
  alu_unit/U31/Y (AOI222X1M)                              0.41      15.41 r
  alu_unit/U28/Y (AOI31X2M)                               0.14      15.55 f
  alu_unit/ALU_OUT_reg[0]/D (DFFRQX2M)                    0.00      15.55 f
  data arrival time                                                 15.55

  clock ALU_CLK (rise edge)                              20.00      20.00
  clock network delay (ideal)                             0.00      20.00
  clock uncertainty                                      -0.20      19.80
  alu_unit/ALU_OUT_reg[0]/CK (DFFRQX2M)                   0.00      19.80 r
  library setup time                                     -0.17      19.63
  data required time                                                19.63
  --------------------------------------------------------------------------
  data required time                                                19.63
  data arrival time                                                -15.55
  --------------------------------------------------------------------------
  slack (MET)                                                        4.08


  Startpoint: UART_CLK (clock source 'UART_CLK')
  Endpoint: TX_CLkDIV/div_clk_reg
            (rising edge-triggered flip-flop clocked by UART_CLK)
  Path Group: INREG
  Path Type: max

  Point                                    Incr       Path
  -----------------------------------------------------------
  clock UART_CLK (fall edge)             135.63     135.63
  UART_CLK (in)                            0.00     135.63 f
  TX_CLkDIV/i_ref_clk (ClkDiv_1)           0.00     135.63 f
  TX_CLkDIV/U21/Y (AO22X1M)                0.77     136.41 f
  TX_CLkDIV/U7/Y (OAI2BB2X1M)              0.11     136.52 r
  TX_CLkDIV/div_clk_reg/D (DFFSQX2M)       0.00     136.52 r
  data arrival time                                 136.52

  clock UART_CLK (rise edge)             271.27     271.27
  clock network delay (ideal)              0.00     271.27
  clock uncertainty                       -0.20     271.07
  TX_CLkDIV/div_clk_reg/CK (DFFSQX2M)      0.00     271.07 r
  library setup time                      -0.18     270.89
  data required time                                270.89
  -----------------------------------------------------------
  data required time                                270.89
  data arrival time                                -136.52
  -----------------------------------------------------------
  slack (MET)                                       134.37


  Startpoint: system_ctrl/current_state_reg[0]
              (rising edge-triggered flip-flop clocked by REF_CLK)
  Endpoint: regfile_u/RdData_reg[0]
            (rising edge-triggered flip-flop clocked by REF_CLK)
  Path Group: REF_CLK
  Path Type: max

  Point                                                   Incr       Path
  --------------------------------------------------------------------------
  clock REF_CLK (rise edge)                               0.00       0.00
  clock network delay (ideal)                             0.00       0.00
  system_ctrl/current_state_reg[0]/CK (DFFRQX2M)          0.00       0.00 r
  system_ctrl/current_state_reg[0]/Q (DFFRQX2M)           0.54       0.54 f
  system_ctrl/U36/Y (NOR2X2M)                             0.26       0.80 r
  system_ctrl/U39/Y (NAND3X2M)                            0.17       0.97 f
  system_ctrl/U14/Y (AND2X2M)                             0.24       1.21 f
  system_ctrl/U44/Y (OAI21X2M)                            0.14       1.35 r
  system_ctrl/Address[0] (SYS_CTRL)                       0.00       1.35 r
  U3/Y (BUFX2M)                                           0.38       1.73 r
  regfile_u/Address[0] (RegFile)                          0.00       1.73 r
  regfile_u/U108/Y (INVX2M)                               0.12       1.85 f
  regfile_u/U14/Y (BUFX2M)                                0.17       2.02 f
  regfile_u/U13/Y (INVX2M)                                0.77       2.79 r
  regfile_u/U69/Y (MX4X1M)                                0.49       3.29 f
  regfile_u/U77/Y (MX4X1M)                                0.34       3.63 f
  regfile_u/U76/Y (AO22X1M)                               0.32       3.95 f
  regfile_u/RdData_reg[0]/D (DFFRQX2M)                    0.00       3.95 f
  data arrival time                                                  3.95

  clock REF_CLK (rise edge)                              20.00      20.00
  clock network delay (ideal)                             0.00      20.00
  clock uncertainty                                      -0.20      19.80
  regfile_u/RdData_reg[0]/CK (DFFRQX2M)                   0.00      19.80 r
  library setup time                                     -0.15      19.65
  data required time                                                19.65
  --------------------------------------------------------------------------
  data required time                                                19.65
  data arrival time                                                 -3.95
  --------------------------------------------------------------------------
  slack (MET)                                                       15.70


  Startpoint: uart_unit/u_uart_tx/U3/DATA_reg[1]
              (rising edge-triggered flip-flop clocked by UART_TX_CLK)
  Endpoint: TX_OUT (output port clocked by UART_TX_CLK)
  Path Group: REGOUT
  Path Type: max

  Point                                                   Incr       Path
  --------------------------------------------------------------------------
  clock UART_TX_CLK (rise edge)                           0.00       0.00
  clock network delay (ideal)                             0.00       0.00
  uart_unit/u_uart_tx/U3/DATA_reg[1]/CK (DFFRQX2M)        0.00       0.00 r
  uart_unit/u_uart_tx/U3/DATA_reg[1]/Q (DFFRQX2M)         0.46       0.46 f
  uart_unit/u_uart_tx/U3/U5/Y (XOR3XLM)                   0.49       0.95 f
  uart_unit/u_uart_tx/U3/U3/Y (XOR3XLM)                   0.52       1.47 f
  uart_unit/u_uart_tx/U3/par_bit (parityCalc)             0.00       1.47 f
  uart_unit/u_uart_tx/U1/par_bit (UMUX)                   0.00       1.47 f
  uart_unit/u_uart_tx/U1/U5/Y (NOR2BX2M)                  0.14       1.61 r
  uart_unit/u_uart_tx/U1/U3/Y (OAI21X2M)                  0.07       1.68 f
  uart_unit/u_uart_tx/U1/TX_OUT (UMUX)                    0.00       1.68 f
  uart_unit/u_uart_tx/TX_OUT (UART_TX)                    0.00       1.68 f
  uart_unit/TX_OUT_S (UART_TOP)                           0.00       1.68 f
  TX_OUT (out)                                            0.00       1.68 f
  data arrival time                                                  1.68

  clock UART_TX_CLK (rise edge)                        8680.54    8680.54
  clock network delay (ideal)                             0.00    8680.54
  clock uncertainty                                      -0.20    8680.34
  output external delay                                 -54.25    8626.09
  data required time                                              8626.09
  --------------------------------------------------------------------------
  data required time                                              8626.09
  data arrival time                                                 -1.68
  --------------------------------------------------------------------------
  slack (MET)                                                     8624.41


  Startpoint: RX_CLkDIV/cnt_reg[0]
              (rising edge-triggered flip-flop clocked by UART_CLK)
  Endpoint: RX_CLkDIV/cnt_reg[0]
            (rising edge-triggered flip-flop clocked by UART_CLK)
  Path Group: UART_CLK
  Path Type: max

  Point                                    Incr       Path
  -----------------------------------------------------------
  clock UART_CLK (rise edge)               0.00       0.00
  clock network delay (ideal)              0.00       0.00
  RX_CLkDIV/cnt_reg[0]/CK (DFFRQX2M)       0.00       0.00 r
  RX_CLkDIV/cnt_reg[0]/Q (DFFRQX2M)        0.52       0.52 f
  RX_CLkDIV/U43/Y (NOR2BX1M)               0.20       0.71 f
  RX_CLkDIV/U44/Y (OAI2B2X1M)              0.20       0.91 r
  RX_CLkDIV/U45/Y (NAND4X1M)               0.17       1.09 f
  RX_CLkDIV/U5/Y (OR4X1M)                  0.37       1.46 f
  RX_CLkDIV/U3/Y (AOI2BB2XLM)              0.31       1.77 r
  RX_CLkDIV/U4/Y (NOR2X2M)                 0.12       1.88 f
  RX_CLkDIV/U18/Y (AO22X1M)                0.41       2.29 f
  RX_CLkDIV/cnt_reg[0]/D (DFFRQX2M)        0.00       2.29 f
  data arrival time                                   2.29

  clock UART_CLK (rise edge)             271.27     271.27
  clock network delay (ideal)              0.00     271.27
  clock uncertainty                       -0.20     271.07
  RX_CLkDIV/cnt_reg[0]/CK (DFFRQX2M)       0.00     271.07 r
  library setup time                      -0.15     270.91
  data required time                                270.91
  -----------------------------------------------------------
  data required time                                270.91
  data arrival time                                  -2.29
  -----------------------------------------------------------
  slack (MET)                                       268.62


  Startpoint: uart_unit/u_uart_rx/u_edge_bit_counter/edge_cnt_reg[0]
              (rising edge-triggered flip-flop clocked by UART_RX_CLK)
  Endpoint: uart_unit/u_uart_rx/u_edge_bit_counter/bit_cnt_reg[2]
            (rising edge-triggered flip-flop clocked by UART_RX_CLK)
  Path Group: UART_RX_CLK
  Path Type: max

  Point                                                   Incr       Path
  --------------------------------------------------------------------------
  clock UART_RX_CLK (rise edge)                           0.00       0.00
  clock network delay (ideal)                             0.00       0.00
  uart_unit/u_uart_rx/u_edge_bit_counter/edge_cnt_reg[0]/CK (DFFRX1M)
                                                          0.00       0.00 r
  uart_unit/u_uart_rx/u_edge_bit_counter/edge_cnt_reg[0]/Q (DFFRX1M)
                                                          0.62       0.62 f
  uart_unit/u_uart_rx/u_edge_bit_counter/U36/Y (NOR2BX1M)
                                                          0.23       0.85 f
  uart_unit/u_uart_rx/u_edge_bit_counter/U37/Y (OAI2B2X1M)
                                                          0.21       1.06 r
  uart_unit/u_uart_rx/u_edge_bit_counter/U40/Y (NAND4BBX1M)
                                                          0.21       1.27 f
  uart_unit/u_uart_rx/u_edge_bit_counter/U44/Y (NOR4X1M)
                                                          0.25       1.52 r
  uart_unit/u_uart_rx/u_edge_bit_counter/U4/Y (NOR2X2M)
                                                          0.17       1.69 f
  uart_unit/u_uart_rx/u_edge_bit_counter/U3/Y (INVX2M)
                                                          0.11       1.80 r
  uart_unit/u_uart_rx/u_edge_bit_counter/U18/Y (NAND3X2M)
                                                          0.10       1.90 f
  uart_unit/u_uart_rx/u_edge_bit_counter/U12/Y (OAI32X1M)
                                                          0.24       2.14 r
  uart_unit/u_uart_rx/u_edge_bit_counter/bit_cnt_reg[2]/D (DFFRX1M)
                                                          0.00       2.14 r
  data arrival time                                                  2.14

  clock UART_RX_CLK (rise edge)                         271.27     271.27
  clock network delay (ideal)                             0.00     271.27
  clock uncertainty                                      -0.20     271.07
  uart_unit/u_uart_rx/u_edge_bit_counter/bit_cnt_reg[2]/CK (DFFRX1M)
                                                          0.00     271.07 r
  library setup time                                     -0.29     270.77
  data required time                                               270.77
  --------------------------------------------------------------------------
  data required time                                               270.77
  data arrival time                                                 -2.14
  --------------------------------------------------------------------------
  slack (MET)                                                      268.63


  Startpoint: fifo_unit/U2/rptr_reg[0]
              (rising edge-triggered flip-flop clocked by UART_TX_CLK)
  Endpoint: uart_unit/u_uart_tx/U2/DATA_reg[2]
            (rising edge-triggered flip-flop clocked by UART_TX_CLK)
  Path Group: UART_TX_CLK
  Path Type: max

  Point                                                   Incr       Path
  --------------------------------------------------------------------------
  clock UART_TX_CLK (rise edge)                           0.00       0.00
  clock network delay (ideal)                             0.00       0.00
  fifo_unit/U2/rptr_reg[0]/CK (DFFRQX2M)                  0.00       0.00 r
  fifo_unit/U2/rptr_reg[0]/Q (DFFRQX2M)                   0.75       0.75 r
  fifo_unit/U2/raddr[0] (FIFO_rptr_n_empty_ADDR_WIDTH4)
                                                          0.00       0.75 r
  fifo_unit/U3/raddr[0] (FIFO_MEM_DATA_WIDTH8_ADDR_WIDTH4)
                                                          0.00       0.75 r
  fifo_unit/U3/U26/Y (INVX2M)                             0.11       0.86 f
  fifo_unit/U3/U14/Y (BUFX2M)                             0.16       1.02 f
  fifo_unit/U3/U12/Y (INVX2M)                             0.72       1.74 r
  fifo_unit/U3/U198/Y (MX4X1M)                            0.49       2.23 f
  fifo_unit/U3/U196/Y (MX4X1M)                            0.36       2.59 f
  fifo_unit/U3/rdata[2] (FIFO_MEM_DATA_WIDTH8_ADDR_WIDTH4)
                                                          0.00       2.59 f
  fifo_unit/RD_DATA[2] (ASYC_FIFO)                        0.00       2.59 f
  uart_unit/TX_IN_P[2] (UART_TOP)                         0.00       2.59 f
  uart_unit/u_uart_tx/P_DATA[2] (UART_TX)                 0.00       2.59 f
  uart_unit/u_uart_tx/U2/P_DATA[2] (serializer)           0.00       2.59 f
  uart_unit/u_uart_tx/U2/U11/Y (AO22X1M)                  0.39       2.98 f
  uart_unit/u_uart_tx/U2/DATA_reg[2]/D (DFFRQX2M)         0.00       2.98 f
  data arrival time                                                  2.98

  clock UART_TX_CLK (rise edge)                        8680.54    8680.54
  clock network delay (ideal)                             0.00    8680.54
  clock uncertainty                                      -0.20    8680.34
  uart_unit/u_uart_tx/U2/DATA_reg[2]/CK (DFFRQX2M)        0.00    8680.34 r
  library setup time                                     -0.17    8680.18
  data required time                                              8680.18
  --------------------------------------------------------------------------
  data required time                                              8680.18
  data arrival time                                                 -2.98
  --------------------------------------------------------------------------
  slack (MET)                                                     8677.20


1
